In undefined env !
Redis version greater than or equal to 2.8.18 Required !
Server running on PORT 5000 26/6/2024, 11:51:08 pm
Database Connected !!!
gcc-codeJudge-container Id : b30fad021b767fc55821b2d84695d332d3e5cdecd0bc68b53c65d51b73e05c97
py-codeJudge-container Id : e8184b8e12873ab85861714ebc706fc17c4435a3d74177d8e33ff12fef330d2e
js-codeJudge-container Id : 4f7b8151b98469d2c432222083640f0f1287bd734fb5b18b008ee51a442b6a8f
java-codeJudge-container Id : 157f66e5e9cededd7ebfdfcb57b9cdd05107f51154df76b149482b6db067993c

All Containers Initialized
GET /loggedIn 26/6/2024, 11:51:25 pm
GET /problems 26/6/2024, 11:51:25 pm
GET /leaderboard 26/6/2024, 11:51:34 pm
GET /getcode/667c2c347ba8462746244cfb 26/6/2024, 11:51:43 pm
POST /problems/667c2aecf645e81ef80fb7e7 26/6/2024, 11:52:00 pm
GET /status/667c5c483c461bc9c81df843 26/6/2024, 11:52:01 pm
GET /status/667c5c483c461bc9c81df843 26/6/2024, 11:52:02 pm
GET /status/667c5c483c461bc9c81df843 26/6/2024, 11:52:03 pm
GET /status/667c5c483c461bc9c81df843 26/6/2024, 11:52:04 pm
GET /status/667c5c483c461bc9c81df843 26/6/2024, 11:52:05 pm
Unlinked : 47f4e272-6ba0-4f9d-877e-0c96dc44958b.cpp
Unlinked : 47f4e272-6ba0-4f9d-877e-0c96dc44958b.out
GET /status/667c5c483c461bc9c81df843 26/6/2024, 11:52:06 pm
GET /leaderboard 26/6/2024, 11:53:08 pm
GET /getcode/667c2d20157eddbd2dd1fd26 26/6/2024, 11:53:14 pm
GET /leaderboard 26/6/2024, 11:53:21 pm
GET /getcode/667c5c483c461bc9c81df83f 26/6/2024, 11:53:26 pm
GET /leaderboard 26/6/2024, 11:53:32 pm
GET /loggedIn 26/6/2024, 11:53:33 pm
GET /problems 26/6/2024, 11:53:33 pm
GET /loggedIn 26/6/2024, 11:54:16 pm
GET /problems 26/6/2024, 11:54:16 pm
GET /loggedIn 26/6/2024, 11:54:33 pm
GET /problems 26/6/2024, 11:54:33 pm
POST /problems/667c2aecf645e81ef80fb7e7 26/6/2024, 11:55:05 pm
GET /status/667c5d013c461bc9c81df87f 26/6/2024, 11:55:06 pm
GET /status/667c5d013c461bc9c81df87f 26/6/2024, 11:55:07 pm
GET /status/667c5d013c461bc9c81df87f 26/6/2024, 11:55:08 pm
GET /status/667c5d013c461bc9c81df87f 26/6/2024, 11:55:09 pm
GET /status/667c5d013c461bc9c81df87f 26/6/2024, 11:55:10 pm
Unlinked : 04719272-574a-47e3-af74-ff70121b0353.cpp
Unlinked : 04719272-574a-47e3-af74-ff70121b0353.out
GET /status/667c5d013c461bc9c81df87f 26/6/2024, 11:55:11 pm
GET /leaderboard 26/6/2024, 11:55:14 pm
POST /problems/667c2aecf645e81ef80fb7e7 26/6/2024, 11:55:30 pm
GET /status/667c5d1a3c461bc9c81df8a0 26/6/2024, 11:55:31 pm
GET /status/667c5d1a3c461bc9c81df8a0 26/6/2024, 11:55:32 pm
GET /status/667c5d1a3c461bc9c81df8a0 26/6/2024, 11:55:33 pm
GET /status/667c5d1a3c461bc9c81df8a0 26/6/2024, 11:55:34 pm
Unlinked : 3e8ec0af-5df4-4793-9f1d-e6a4408ad69a.cpp
Unlinked : 3e8ec0af-5df4-4793-9f1d-e6a4408ad69a.out
GET /status/667c5d1a3c461bc9c81df8a0 26/6/2024, 11:55:35 pm
GET /leaderboard 26/6/2024, 11:55:42 pm
GET /getcode/667c2d20157eddbd2dd1fd26 26/6/2024, 11:55:47 pm
GET /leaderboard 26/6/2024, 11:55:50 pm
GET /loggedIn 26/6/2024, 11:55:53 pm
GET /problems 26/6/2024, 11:55:53 pm
GET /loggedIn 26/6/2024, 11:55:56 pm
GET /problems 26/6/2024, 11:55:56 pm
POST /problems/667c2aecf645e81ef80fb7e7 26/6/2024, 11:56:07 pm
GET /status/667c5d3f3c461bc9c81df8ce 26/6/2024, 11:56:08 pm
GET /status/667c5d3f3c461bc9c81df8ce 26/6/2024, 11:56:09 pm
GET /status/667c5d3f3c461bc9c81df8ce 26/6/2024, 11:56:10 pm
GET /status/667c5d3f3c461bc9c81df8ce 26/6/2024, 11:56:11 pm
Unlinked : 579617b7-fe56-4674-95d3-9ab6f0273db4.cpp
Unlinked : 579617b7-fe56-4674-95d3-9ab6f0273db4.out
GET /status/667c5d3f3c461bc9c81df8ce 26/6/2024, 11:56:12 pm
GET /leaderboard 26/6/2024, 11:56:14 pm
GET /loggedIn 26/6/2024, 11:56:20 pm
GET /problems 26/6/2024, 11:56:21 pm
POST /login 26/6/2024, 11:57:31 pm
GET /loggedIn 26/6/2024, 11:57:31 pm
GET /logout 26/6/2024, 11:57:41 pm
GET /loggedIn 26/6/2024, 11:57:41 pm
GET /loggedIn 26/6/2024, 11:57:49 pm
GET /problems 26/6/2024, 11:57:49 pm
GET /loggedIn 26/6/2024, 11:58:05 pm
GET /problems 26/6/2024, 11:58:05 pm
POST /login 26/6/2024, 11:58:12 pm
GET /loggedIn 26/6/2024, 11:58:12 pm
GET /leaderboard 26/6/2024, 11:58:19 pm
GET /getcode/667c5d1a3c461bc9c81df89c 26/6/2024, 11:58:21 pm
GET /loggedIn 26/6/2024, 11:58:29 pm
GET /problems 26/6/2024, 11:58:29 pm
POST /problems/667c2aecf645e81ef80fb7e7 26/6/2024, 11:58:36 pm
GET /status/667c5dd43c461bc9c81df919 26/6/2024, 11:58:37 pm
GET /status/667c5dd43c461bc9c81df919 26/6/2024, 11:58:38 pm
GET /status/667c5dd43c461bc9c81df919 26/6/2024, 11:58:39 pm
GET /status/667c5dd43c461bc9c81df919 26/6/2024, 11:58:40 pm
GET /status/667c5dd43c461bc9c81df919 26/6/2024, 11:58:41 pm
GET /status/667c5dd43c461bc9c81df919 26/6/2024, 11:58:42 pm
GET /status/667c5dd43c461bc9c81df919 26/6/2024, 11:58:43 pm
Unlinked : beef7492-b072-4495-80f8-78fe3884348d.cpp
Unlinked : beef7492-b072-4495-80f8-78fe3884348d.out
GET /status/667c5dd43c461bc9c81df919 26/6/2024, 11:58:44 pm
GET /leaderboard 26/6/2024, 11:58:56 pm
GET /getcode/667c5d3f3c461bc9c81df8ca 26/6/2024, 11:58:57 pm
GET /loggedIn 26/6/2024, 11:58:59 pm
GET /problems 26/6/2024, 11:58:59 pm
POST /problems/667c2aecf645e81ef80fb7e7 26/6/2024, 11:59:05 pm
GET /status/667c5df13c461bc9c81df94a 26/6/2024, 11:59:07 pm
GET /status/667c5df13c461bc9c81df94a 26/6/2024, 11:59:07 pm
GET /status/667c5df13c461bc9c81df94a 26/6/2024, 11:59:08 pm
GET /status/667c5df13c461bc9c81df94a 26/6/2024, 11:59:09 pm
GET /status/667c5df13c461bc9c81df94a 26/6/2024, 11:59:10 pm
Unlinked : b6b5784b-dfe2-40b8-a393-fe85fcd08d82.cpp
Unlinked : b6b5784b-dfe2-40b8-a393-fe85fcd08d82.out
GET /status/667c5df13c461bc9c81df94a 26/6/2024, 11:59:11 pm
GET /leaderboard 26/6/2024, 11:59:16 pm
GET /leaderboard 27/6/2024, 12:00:03 am
GET /allNotes 27/6/2024, 12:00:09 am
GET /667c0ac8c5da1ef3dbf26dad?noteid=667c0ac8c5da1ef3dbf26db1 27/6/2024, 12:00:12 am
Note:  Max Consecutive Sum
PUT /667c0ac8c5da1ef3dbf26db1 27/6/2024, 12:00:38 am
Edit Note : Max Consecutive Sum
GET /allNotes 27/6/2024, 12:00:41 am
GET /667c0fe0c18946ea663740db?noteid=667c0fe0c18946ea663740df 27/6/2024, 12:00:42 am
Note:  Merge Sort Algo
GET /logs?pageNo=1 27/6/2024, 12:01:14 am
GET /logout 27/6/2024, 12:01:27 am
GET /loggedIn 27/6/2024, 12:01:27 am
GET /loggedIn 27/6/2024, 12:01:30 am
GET /problems 27/6/2024, 12:01:30 am
GET /logs?pageNo=1 27/6/2024, 12:01:30 am
GET /loggedIn 27/6/2024, 12:01:43 am
GET /problems 27/6/2024, 12:01:43 am
